Name                                          Stmts   Miss  Cover   Missing
---------------------------------------------------------------------------
src/pcpi_candidate_tas/__init__.py               10      0   100%
src/pcpi_candidate_tas/_version.py                1      0   100%
src/pcpi_candidate_tas/accelerated.py           189     13    93%   29, 31, 33, 35, 116, 139, 142, 186-187, 303-304, 382-383
src/pcpi_candidate_tas/algorithms.py             31      1    97%   196
src/pcpi_candidate_tas/application.py           214      1    99%   352
src/pcpi_candidate_tas/battery.py                40      5    88%   38, 49-53
src/pcpi_candidate_tas/boundaries.py            132      7    95%   92, 120, 127-129, 144, 186
src/pcpi_candidate_tas/calibration.py           184      0   100%
src/pcpi_candidate_tas/candidate.py             251     13    95%   26, 29, 96, 98, 100, 111, 116, 146, 148, 163, 223, 225, 410
src/pcpi_candidate_tas/cli.py                    26      2    92%   46, 50
src/pcpi_candidate_tas/full_psi.py               75      5    93%   123, 138-143
src/pcpi_candidate_tas/imoscore.py              191     21    89%   52, 54, 56, 58, 77, 81, 85, 127, 139, 157, 176, 242, 262, 265, 270, 282, 289, 299, 325, 358, 360
src/pcpi_candidate_tas/information.py            28      0   100%
src/pcpi_candidate_tas/models.py                 94      0   100%
src/pcpi_candidate_tas/multiseason.py           117      1    99%   65
src/pcpi_candidate_tas/official_repo_tns.py      25      4    84%   23-25, 31
src/pcpi_candidate_tas/opsd_full.py              59      2    97%   71, 96
src/pcpi_candidate_tas/oracle.py                160     14    91%   72, 86-89, 101-102, 152-153, 175, 185-187, 191
src/pcpi_candidate_tas/paired.py                140      8    94%   58, 91-92, 111, 113, 189, 191, 198
src/pcpi_candidate_tas/paired_artifacts.py      134      3    98%   206, 271-272
src/pcpi_candidate_tas/psi_comparators.py        73      2    97%   83-84
src/pcpi_candidate_tas/study_design.py          239     21    91%   67, 69, 71, 73, 97, 99, 101, 129, 152, 189, 211, 256, 258, 326-332, 514
src/pcpi_candidate_tas/theory_status.py          55      0   100%
---------------------------------------------------------------------------
TOTAL                                          2468    123    95%
